2023-12-20 13:02:21.1689 Debug Message Template Auto Format enabled
2023-12-20 13:02:21.1905 Info Loading assembly name: NLog.Extended
2023-12-20 13:02:21.1905 Trace Try find 'NLog.Extended' in current domain
2023-12-20 13:02:21.1985 Trace Haven't found' 'NLog.Extended' in current domain
2023-12-20 13:02:21.1985 Error Error has been raised. Exception: NLog.NLogConfigurationException: Error loading extensions: NLog.Extended
 ---> System.IO.FileNotFoundException: Could not load file or assembly 'NLog.Extended, Culture=neutral, PublicKeyToken=null'. The system cannot find the file specified.
File name: 'NLog.Extended, Culture=neutral, PublicKeyToken=null'
   at System.Reflection.RuntimeAssembly.InternalLoad(ObjectHandleOnStack assemblyName, ObjectHandleOnStack requestingAssembly, StackCrawlMarkHandle stackMark, Boolean throwOnFileNotFound, ObjectHandleOnStack assemblyLoadContext, ObjectHandleOnStack retAssembly)
   at System.Reflection.RuntimeAssembly.InternalLoad(AssemblyName assemblyName, RuntimeAssembly requestingAssembly, StackCrawlMark& stackMark, Boolean throwOnFileNotFound, AssemblyLoadContext assemblyLoadContext)
   at System.Reflection.Assembly.Load(String assemblyString)
   at NLog.Config.AssemblyExtensionLoader.LoadAssemblyFromName(String assemblyName)
   at NLog.Config.AssemblyExtensionLoader.LoadAssemblyFromName(ConfigurationItemFactory factory, String assemblyName, String itemNamePrefix)
   at NLog.Config.LoggingConfigurationParser.ParseExtensionWithAssemblyName(String assemblyName, String prefix)
   --- End of inner exception stack trace ---
2023-12-20 13:02:21.3244 Error Exception when loading configuration C:\Users\91934\source\repos\FundoNotesApplication\FundoNotesApplicationPresentationLayer\bin\Debug\net6.0\nlog.config Exception: NLog.NLogConfigurationException: Error loading extensions: NLog.Extended
 ---> System.IO.FileNotFoundException: Could not load file or assembly 'NLog.Extended, Culture=neutral, PublicKeyToken=null'. The system cannot find the file specified.
File name: 'NLog.Extended, Culture=neutral, PublicKeyToken=null'
   at System.Reflection.RuntimeAssembly.InternalLoad(ObjectHandleOnStack assemblyName, ObjectHandleOnStack requestingAssembly, StackCrawlMarkHandle stackMark, Boolean throwOnFileNotFound, ObjectHandleOnStack assemblyLoadContext, ObjectHandleOnStack retAssembly)
   at System.Reflection.RuntimeAssembly.InternalLoad(AssemblyName assemblyName, RuntimeAssembly requestingAssembly, StackCrawlMark& stackMark, Boolean throwOnFileNotFound, AssemblyLoadContext assemblyLoadContext)
   at System.Reflection.Assembly.Load(String assemblyString)
   at NLog.Config.AssemblyExtensionLoader.LoadAssemblyFromName(String assemblyName)
   at NLog.Config.AssemblyExtensionLoader.LoadAssemblyFromName(ConfigurationItemFactory factory, String assemblyName, String itemNamePrefix)
   at NLog.Config.LoggingConfigurationParser.ParseExtensionWithAssemblyName(String assemblyName, String prefix)
   --- End of inner exception stack trace ---
   at NLog.Config.LoggingConfigurationParser.ParseExtensionWithAssemblyName(String assemblyName, String prefix)
   at NLog.Config.LoggingConfigurationParser.ParseExtensionsElement(ValidatedConfigurationElement extensionsElement, String baseDirectory)
   at NLog.Config.LoggingConfigurationParser.LoadConfig(ILoggingConfigurationElement nlogConfig, String basePath)
   at NLog.Config.XmlLoggingConfiguration.ParseNLogElement(ILoggingConfigurationElement nlogElement, String filePath, Boolean autoReloadDefault)
   at NLog.Config.XmlLoggingConfiguration.Initialize(XmlReader reader, String fileName, Boolean ignoreErrors)
2023-12-20 13:02:21.3244 Error Error has been raised. Exception: NLog.NLogConfigurationException: Exception when loading configuration C:\Users\91934\source\repos\FundoNotesApplication\FundoNotesApplicationPresentationLayer\bin\Debug\net6.0\nlog.config
 ---> NLog.NLogConfigurationException: Error loading extensions: NLog.Extended
 ---> System.IO.FileNotFoundException: Could not load file or assembly 'NLog.Extended, Culture=neutral, PublicKeyToken=null'. The system cannot find the file specified.
File name: 'NLog.Extended, Culture=neutral, PublicKeyToken=null'
   at System.Reflection.RuntimeAssembly.InternalLoad(ObjectHandleOnStack assemblyName, ObjectHandleOnStack requestingAssembly, StackCrawlMarkHandle stackMark, Boolean throwOnFileNotFound, ObjectHandleOnStack assemblyLoadContext, ObjectHandleOnStack retAssembly)
   at System.Reflection.RuntimeAssembly.InternalLoad(AssemblyName assemblyName, RuntimeAssembly requestingAssembly, StackCrawlMark& stackMark, Boolean throwOnFileNotFound, AssemblyLoadContext assemblyLoadContext)
   at System.Reflection.Assembly.Load(String assemblyString)
   at NLog.Config.AssemblyExtensionLoader.LoadAssemblyFromName(String assemblyName)
   at NLog.Config.AssemblyExtensionLoader.LoadAssemblyFromName(ConfigurationItemFactory factory, String assemblyName, String itemNamePrefix)
   at NLog.Config.LoggingConfigurationParser.ParseExtensionWithAssemblyName(String assemblyName, String prefix)
   --- End of inner exception stack trace ---
   at NLog.Config.LoggingConfigurationParser.ParseExtensionWithAssemblyName(String assemblyName, String prefix)
   at NLog.Config.LoggingConfigurationParser.ParseExtensionsElement(ValidatedConfigurationElement extensionsElement, String baseDirectory)
   at NLog.Config.LoggingConfigurationParser.LoadConfig(ILoggingConfigurationElement nlogConfig, String basePath)
   at NLog.Config.XmlLoggingConfiguration.ParseNLogElement(ILoggingConfigurationElement nlogElement, String filePath, Boolean autoReloadDefault)
   at NLog.Config.XmlLoggingConfiguration.Initialize(XmlReader reader, String fileName, Boolean ignoreErrors)
   --- End of inner exception stack trace ---
   at NLog.Config.XmlLoggingConfiguration.Initialize(XmlReader reader, String fileName, Boolean ignoreErrors)
   at NLog.Config.LoggingConfigurationFileLoader.LoadXmlLoggingConfiguration(XmlReader xmlReader, String configFile, LogFactory logFactory)
2023-12-20 13:02:21.3244 Error Failed loading from config file location: C:\Users\91934\source\repos\FundoNotesApplication\FundoNotesApplicationPresentationLayer\bin\Debug\net6.0\nlog.config Exception: NLog.NLogConfigurationException: Exception when loading configuration C:\Users\91934\source\repos\FundoNotesApplication\FundoNotesApplicationPresentationLayer\bin\Debug\net6.0\nlog.config
 ---> NLog.NLogConfigurationException: Error loading extensions: NLog.Extended
 ---> System.IO.FileNotFoundException: Could not load file or assembly 'NLog.Extended, Culture=neutral, PublicKeyToken=null'. The system cannot find the file specified.
File name: 'NLog.Extended, Culture=neutral, PublicKeyToken=null'
   at System.Reflection.RuntimeAssembly.InternalLoad(ObjectHandleOnStack assemblyName, ObjectHandleOnStack requestingAssembly, StackCrawlMarkHandle stackMark, Boolean throwOnFileNotFound, ObjectHandleOnStack assemblyLoadContext, ObjectHandleOnStack retAssembly)
   at System.Reflection.RuntimeAssembly.InternalLoad(AssemblyName assemblyName, RuntimeAssembly requestingAssembly, StackCrawlMark& stackMark, Boolean throwOnFileNotFound, AssemblyLoadContext assemblyLoadContext)
   at System.Reflection.Assembly.Load(String assemblyString)
   at NLog.Config.AssemblyExtensionLoader.LoadAssemblyFromName(String assemblyName)
   at NLog.Config.AssemblyExtensionLoader.LoadAssemblyFromName(ConfigurationItemFactory factory, String assemblyName, String itemNamePrefix)
   at NLog.Config.LoggingConfigurationParser.ParseExtensionWithAssemblyName(String assemblyName, String prefix)
   --- End of inner exception stack trace ---
   at NLog.Config.LoggingConfigurationParser.ParseExtensionWithAssemblyName(String assemblyName, String prefix)
   at NLog.Config.LoggingConfigurationParser.ParseExtensionsElement(ValidatedConfigurationElement extensionsElement, String baseDirectory)
   at NLog.Config.LoggingConfigurationParser.LoadConfig(ILoggingConfigurationElement nlogConfig, String basePath)
   at NLog.Config.XmlLoggingConfiguration.ParseNLogElement(ILoggingConfigurationElement nlogElement, String filePath, Boolean autoReloadDefault)
   at NLog.Config.XmlLoggingConfiguration.Initialize(XmlReader reader, String fileName, Boolean ignoreErrors)
   --- End of inner exception stack trace ---
   at NLog.Config.XmlLoggingConfiguration.Initialize(XmlReader reader, String fileName, Boolean ignoreErrors)
   at NLog.Config.LoggingConfigurationFileLoader.LoadXmlLoggingConfiguration(XmlReader xmlReader, String configFile, LogFactory logFactory)
   at NLog.Config.LoggingConfigurationFileLoader.LoadXmlLoggingConfigurationFile(LogFactory logFactory, String configFile)
   at NLog.Config.LoggingConfigurationFileLoader.TryLoadLoggingConfiguration(LogFactory logFactory, String configFile, LoggingConfiguration& config)
2023-12-20 13:29:41.9693 Debug Message Template Auto Format enabled
2023-12-20 13:29:41.9891 Info Loading assembly name: NLog.Extended
2023-12-20 13:29:41.9891 Trace Try find 'NLog.Extended' in current domain
2023-12-20 13:29:41.9971 Trace Haven't found' 'NLog.Extended' in current domain
2023-12-20 13:29:41.9971 Error Error has been raised. Exception: NLog.NLogConfigurationException: Error loading extensions: NLog.Extended
 ---> System.IO.FileNotFoundException: Could not load file or assembly 'NLog.Extended, Culture=neutral, PublicKeyToken=null'. The system cannot find the file specified.
File name: 'NLog.Extended, Culture=neutral, PublicKeyToken=null'
   at System.Reflection.RuntimeAssembly.InternalLoad(ObjectHandleOnStack assemblyName, ObjectHandleOnStack requestingAssembly, StackCrawlMarkHandle stackMark, Boolean throwOnFileNotFound, ObjectHandleOnStack assemblyLoadContext, ObjectHandleOnStack retAssembly)
   at System.Reflection.RuntimeAssembly.InternalLoad(AssemblyName assemblyName, RuntimeAssembly requestingAssembly, StackCrawlMark& stackMark, Boolean throwOnFileNotFound, AssemblyLoadContext assemblyLoadContext)
   at System.Reflection.Assembly.Load(String assemblyString)
   at NLog.Config.AssemblyExtensionLoader.LoadAssemblyFromName(String assemblyName)
   at NLog.Config.AssemblyExtensionLoader.LoadAssemblyFromName(ConfigurationItemFactory factory, String assemblyName, String itemNamePrefix)
   at NLog.Config.LoggingConfigurationParser.ParseExtensionWithAssemblyName(String assemblyName, String prefix)
   --- End of inner exception stack trace ---
2023-12-20 13:29:42.0325 Error Exception when loading configuration C:\Users\91934\source\repos\FundoNotesApplication\FundoNotesApplicationPresentationLayer\bin\Debug\net6.0\nlog.config Exception: NLog.NLogConfigurationException: Error loading extensions: NLog.Extended
 ---> System.IO.FileNotFoundException: Could not load file or assembly 'NLog.Extended, Culture=neutral, PublicKeyToken=null'. The system cannot find the file specified.
File name: 'NLog.Extended, Culture=neutral, PublicKeyToken=null'
   at System.Reflection.RuntimeAssembly.InternalLoad(ObjectHandleOnStack assemblyName, ObjectHandleOnStack requestingAssembly, StackCrawlMarkHandle stackMark, Boolean throwOnFileNotFound, ObjectHandleOnStack assemblyLoadContext, ObjectHandleOnStack retAssembly)
   at System.Reflection.RuntimeAssembly.InternalLoad(AssemblyName assemblyName, RuntimeAssembly requestingAssembly, StackCrawlMark& stackMark, Boolean throwOnFileNotFound, AssemblyLoadContext assemblyLoadContext)
   at System.Reflection.Assembly.Load(String assemblyString)
   at NLog.Config.AssemblyExtensionLoader.LoadAssemblyFromName(String assemblyName)
   at NLog.Config.AssemblyExtensionLoader.LoadAssemblyFromName(ConfigurationItemFactory factory, String assemblyName, String itemNamePrefix)
   at NLog.Config.LoggingConfigurationParser.ParseExtensionWithAssemblyName(String assemblyName, String prefix)
   --- End of inner exception stack trace ---
   at NLog.Config.LoggingConfigurationParser.ParseExtensionWithAssemblyName(String assemblyName, String prefix)
   at NLog.Config.LoggingConfigurationParser.ParseExtensionsElement(ValidatedConfigurationElement extensionsElement, String baseDirectory)
   at NLog.Config.LoggingConfigurationParser.LoadConfig(ILoggingConfigurationElement nlogConfig, String basePath)
   at NLog.Config.XmlLoggingConfiguration.ParseNLogElement(ILoggingConfigurationElement nlogElement, String filePath, Boolean autoReloadDefault)
   at NLog.Config.XmlLoggingConfiguration.Initialize(XmlReader reader, String fileName, Boolean ignoreErrors)
2023-12-20 13:29:42.0325 Error Error has been raised. Exception: NLog.NLogConfigurationException: Exception when loading configuration C:\Users\91934\source\repos\FundoNotesApplication\FundoNotesApplicationPresentationLayer\bin\Debug\net6.0\nlog.config
 ---> NLog.NLogConfigurationException: Error loading extensions: NLog.Extended
 ---> System.IO.FileNotFoundException: Could not load file or assembly 'NLog.Extended, Culture=neutral, PublicKeyToken=null'. The system cannot find the file specified.
File name: 'NLog.Extended, Culture=neutral, PublicKeyToken=null'
   at System.Reflection.RuntimeAssembly.InternalLoad(ObjectHandleOnStack assemblyName, ObjectHandleOnStack requestingAssembly, StackCrawlMarkHandle stackMark, Boolean throwOnFileNotFound, ObjectHandleOnStack assemblyLoadContext, ObjectHandleOnStack retAssembly)
   at System.Reflection.RuntimeAssembly.InternalLoad(AssemblyName assemblyName, RuntimeAssembly requestingAssembly, StackCrawlMark& stackMark, Boolean throwOnFileNotFound, AssemblyLoadContext assemblyLoadContext)
   at System.Reflection.Assembly.Load(String assemblyString)
   at NLog.Config.AssemblyExtensionLoader.LoadAssemblyFromName(String assemblyName)
   at NLog.Config.AssemblyExtensionLoader.LoadAssemblyFromName(ConfigurationItemFactory factory, String assemblyName, String itemNamePrefix)
   at NLog.Config.LoggingConfigurationParser.ParseExtensionWithAssemblyName(String assemblyName, String prefix)
   --- End of inner exception stack trace ---
   at NLog.Config.LoggingConfigurationParser.ParseExtensionWithAssemblyName(String assemblyName, String prefix)
   at NLog.Config.LoggingConfigurationParser.ParseExtensionsElement(ValidatedConfigurationElement extensionsElement, String baseDirectory)
   at NLog.Config.LoggingConfigurationParser.LoadConfig(ILoggingConfigurationElement nlogConfig, String basePath)
   at NLog.Config.XmlLoggingConfiguration.ParseNLogElement(ILoggingConfigurationElement nlogElement, String filePath, Boolean autoReloadDefault)
   at NLog.Config.XmlLoggingConfiguration.Initialize(XmlReader reader, String fileName, Boolean ignoreErrors)
   --- End of inner exception stack trace ---
   at NLog.Config.XmlLoggingConfiguration.Initialize(XmlReader reader, String fileName, Boolean ignoreErrors)
   at NLog.Config.LoggingConfigurationFileLoader.LoadXmlLoggingConfiguration(XmlReader xmlReader, String configFile, LogFactory logFactory)
2023-12-20 13:29:42.0325 Error Failed loading from config file location: C:\Users\91934\source\repos\FundoNotesApplication\FundoNotesApplicationPresentationLayer\bin\Debug\net6.0\nlog.config Exception: NLog.NLogConfigurationException: Exception when loading configuration C:\Users\91934\source\repos\FundoNotesApplication\FundoNotesApplicationPresentationLayer\bin\Debug\net6.0\nlog.config
 ---> NLog.NLogConfigurationException: Error loading extensions: NLog.Extended
 ---> System.IO.FileNotFoundException: Could not load file or assembly 'NLog.Extended, Culture=neutral, PublicKeyToken=null'. The system cannot find the file specified.
File name: 'NLog.Extended, Culture=neutral, PublicKeyToken=null'
   at System.Reflection.RuntimeAssembly.InternalLoad(ObjectHandleOnStack assemblyName, ObjectHandleOnStack requestingAssembly, StackCrawlMarkHandle stackMark, Boolean throwOnFileNotFound, ObjectHandleOnStack assemblyLoadContext, ObjectHandleOnStack retAssembly)
   at System.Reflection.RuntimeAssembly.InternalLoad(AssemblyName assemblyName, RuntimeAssembly requestingAssembly, StackCrawlMark& stackMark, Boolean throwOnFileNotFound, AssemblyLoadContext assemblyLoadContext)
   at System.Reflection.Assembly.Load(String assemblyString)
   at NLog.Config.AssemblyExtensionLoader.LoadAssemblyFromName(String assemblyName)
   at NLog.Config.AssemblyExtensionLoader.LoadAssemblyFromName(ConfigurationItemFactory factory, String assemblyName, String itemNamePrefix)
   at NLog.Config.LoggingConfigurationParser.ParseExtensionWithAssemblyName(String assemblyName, String prefix)
   --- End of inner exception stack trace ---
   at NLog.Config.LoggingConfigurationParser.ParseExtensionWithAssemblyName(String assemblyName, String prefix)
   at NLog.Config.LoggingConfigurationParser.ParseExtensionsElement(ValidatedConfigurationElement extensionsElement, String baseDirectory)
   at NLog.Config.LoggingConfigurationParser.LoadConfig(ILoggingConfigurationElement nlogConfig, String basePath)
   at NLog.Config.XmlLoggingConfiguration.ParseNLogElement(ILoggingConfigurationElement nlogElement, String filePath, Boolean autoReloadDefault)
   at NLog.Config.XmlLoggingConfiguration.Initialize(XmlReader reader, String fileName, Boolean ignoreErrors)
   --- End of inner exception stack trace ---
   at NLog.Config.XmlLoggingConfiguration.Initialize(XmlReader reader, String fileName, Boolean ignoreErrors)
   at NLog.Config.LoggingConfigurationFileLoader.LoadXmlLoggingConfiguration(XmlReader xmlReader, String configFile, LogFactory logFactory)
   at NLog.Config.LoggingConfigurationFileLoader.LoadXmlLoggingConfigurationFile(LogFactory logFactory, String configFile)
   at NLog.Config.LoggingConfigurationFileLoader.TryLoadLoggingConfiguration(LogFactory logFactory, String configFile, LoggingConfiguration& config)
